2021-09-22 17-55-38 data_config: {
  "data_name": "criteo678w",
  "data_path": "/Users/gaoyong/Desktop/low_bit_quantilizer_training/process_criteo/criteo_tfreocd_threshold1/",
  "id_vocab_size": 6780383,
  "field_num": 39,
  "field_feat_nums": [
    57,
    107,
    127,
    49,
    224,
    138,
    94,
    80,
    100,
    10,
    31,
    52,
    83,
    1461,
    570,
    1545893,
    668222,
    306,
    25,
    12399,
    634,
    4,
    74829,
    5557,
    1518204,
    3195,
    28,
    13883,
    1231447,
    11,
    5310,
    2151,
    5,
    1437678,
    19,
    16,
    157463,
    104,
    99817
  ],
  "train_size": 350000
} 
2021-09-22 17-55-38 model_config: {
  "model_name": "DCN",
  "emb_type": "normal",
  "emb_dim": 64,
  "quant_config": {
    "quant_method": "uniform",
    "weight_bits": 8,
    "layerwise": true,
    "learnable": true,
    "symmetric": true,
    "clip_val": 2.5
  },
  "mlp_dims": [
    1024,
    512,
    256,
    128
  ],
  "dropout": 0.0,
  "num_cross": 3
} 
2021-09-22 17-55-38 train_config: {
  "l2_sparse": 5e-05,
  "l2_dense": 5e-05,
  "opt_name": "adam",
  "lr": 0.0005,
  "with_distillation": false,
  "batch_size": 256,
  "print_steps": 100,
  "eval_steps": 273,
  "early_stop_steps": 2730,
  "rmsp_alpha": 0.01,
  "rmsp_momentum": 0.001,
  "log_path": "/Users/gaoyong/Desktop/RecSysCTR/logs/--log_name",
  "log_name": "base_model_info",
  "load_pretrain": false,
  "pretrain_path": "./",
  "pretrain_model_name": "pretrain_model.pt"
} 
